#
# There is insufficient memory for the Java Runtime Environment to continue.
# Native memory allocation (mmap) failed to map 264241152 bytes for Failed to commit area from 0x0000000704c00000 to 0x0000000714800000 of length 264241152.
# Possible reasons:
#   The system is out of physical RAM or swap space
#   The process is running with CompressedOops enabled, and the Java Heap may be blocking the growth of the native heap
# Possible solutions:
#   Reduce memory load on the system
#   Increase physical memory or swap space
#   Check if swap backing store is full
#   Decrease Java heap size (-Xmx/-Xms)
#   Decrease number of Java threads
#   Decrease Java thread stack sizes (-Xss)
#   Set larger code cache with -XX:ReservedCodeCacheSize=
# This output file may be truncated or incomplete.
#
#  Out of Memory Error (./src/hotspot/os/windows/os_windows.cpp:3619), pid=16704, tid=16724
#
# JRE version:  (11.0.13) (build )
# Java VM: OpenJDK 64-Bit Server VM (11.0.13+0-b1751.21-8125866, mixed mode, sharing, tiered, compressed oops, g1 gc, windows-amd64)
# No core dump will be written. Minidumps are not enabled by default on client versions of Windows
#

---------------  S U M M A R Y ------------

Command Line: git4idea.http.GitAskPassApp Username for 'https://github.com': 

Host: Intel(R) Core(TM) i3-1005G1 CPU @ 1.20GHz, 4 cores, 15G,  Windows 11 , 64 bit Build 22621 (10.0.22621.608)
Time: Sun Nov 27 14:16:56 2022 Eastern Standard Time elapsed time: 0.054908 seconds (0d 0h 0m 0s)

---------------  T H R E A D  ---------------

Current thread (0x00000223f47af800):  JavaThread "Unknown thread" [_thread_in_vm, id=16724, stack(0x000000d7a9900000,0x000000d7a9a00000)]

Stack: [0x000000d7a9900000,0x000000d7a9a00000]
Native frames: (J=compiled Java code, j=interpreted, Vv=VM code, C=native code)
V  [jvm.dll+0x6100fa]
V  [jvm.dll+0x747090]
V  [jvm.dll+0x7486ad]
V  [jvm.dll+0x748d83]
V  [jvm.dll+0x24ab48]
V  [jvm.dll+0x60d164]
V  [jvm.dll+0x601e75]
V  [jvm.dll+0x308bdb]
V  [jvm.dll+0x308b4a]
V  [jvm.dll+0x308a22]
V  [jvm.dll+0x30d986]
V  [jvm.dll+0x357093]
V  [jvm.dll+0x357796]
V  [jvm.dll+0x357193]
V  [jvm.dll+0x2e3448]
V  [jvm.dll+0x2e45f7]
V  [jvm.dll+0x7242e7]
V  [jvm.dll+0x725adc]
V  [jvm.dll+0x364629]
V  [jvm.dll+0x707cee]
V  [jvm.dll+0x3d2633]
V  [jvm.dll+0x3d4a21]
C  [jli.dll+0x536b]
C  [ucrtbase.dll+0x29363]
C  [KERNEL32.DLL+0x1244d]
C  [ntdll.dll+0x5df78]


---------------  P R O C E S S  ---------------

Threads class SMR info:
_java_thread_list=0x00000223f26966a0, length=0, elements={
}

Java Threads: ( => current thread )

Other Threads:
  0x00000223f276e000 GCTaskThread "GC Thread#0" [stack: 0x000000d7a9a00000,0x000000d7a9b00000] [id=16728]
  0x00000223f481d800 ConcurrentGCThread "G1 Main Marker" [stack: 0x000000d7a9b00000,0x000000d7a9c00000] [id=16732]
  0x00000223f4820000 ConcurrentGCThread "G1 Conc#0" [stack: 0x000000d7a9c00000,0x000000d7a9d00000] [id=16736]

[error occurred during error reporting (printing all threads), id 0xc0000005, EXCEPTION_ACCESS_VIOLATION (0xc0000005) at pc=0x00007fff24ee3dd7]

VM state:not at safepoint (not fully initialized)

VM Mutex/Monitor currently owned by a thread:  ([mutex/lock_event])
[0x00000223f47ad430] Heap_lock - owner thread: 0x00000223f47af800

Heap address: 0x0000000704c00000, size: 4020 MB, Compressed Oops mode: Non-zero based: 0x0000000704c00000
Narrow klass base: 0x0000000000000000, Narrow klass shift: 0

GC Heap History (0 events):
No events

Deoptimization events (0 events):
No events

Classes redefined (0 events):
No events

Internal exceptions (0 events):
No events

Events (1 events):
Event: 0.016 Loaded shared library C:\Program Files\Android\Android Studio\jre\bin\zip.dll


Dynamic libraries:
0x00007ff623e40000 - 0x00007ff623e4a000 	C:\Program Files\Android\Android Studio\jre\bin\java.exe
0x00007fff8af30000 - 0x00007fff8b144000 	C:\WINDOWS\SYSTEM32\ntdll.dll
0x00007fff8a8a0000 - 0x00007fff8a962000 	C:\WINDOWS\System32\KERNEL32.DLL
0x00007fff88870000 - 0x00007fff88c0c000 	C:\WINDOWS\System32\KERNELBASE.dll
0x00007fff88750000 - 0x00007fff88861000 	C:\WINDOWS\System32\ucrtbase.dll
0x00007fff23690000 - 0x00007fff236a9000 	C:\Program Files\Android\Android Studio\jre\bin\jli.dll
0x00007fff89a30000 - 0x00007fff89bda000 	C:\WINDOWS\System32\USER32.dll
0x00007fff88c80000 - 0x00007fff88ca6000 	C:\WINDOWS\System32\win32u.dll
0x00007fff25730000 - 0x00007fff25747000 	C:\Program Files\Android\Android Studio\jre\bin\VCRUNTIME140.dll
0x00007fff6ec80000 - 0x00007fff6ef0e000 	C:\WINDOWS\WinSxS\amd64_microsoft.windows.common-controls_6595b64144ccf1df_6.0.22621.608_none_a9444ca7c10bb01d\COMCTL32.dll
0x00007fff898c0000 - 0x00007fff89967000 	C:\WINDOWS\System32\msvcrt.dll
0x00007fff8a250000 - 0x00007fff8a279000 	C:\WINDOWS\System32\GDI32.dll
0x00007fff88570000 - 0x00007fff88682000 	C:\WINDOWS\System32\gdi32full.dll
0x00007fff884d0000 - 0x00007fff8856a000 	C:\WINDOWS\System32\msvcp_win.dll
0x00007fff89f20000 - 0x00007fff89f51000 	C:\WINDOWS\System32\IMM32.DLL
0x00007fff235f0000 - 0x00007fff2368d000 	C:\Program Files\Android\Android Studio\jre\bin\msvcp140.dll
0x00007fff24bf0000 - 0x00007fff256f2000 	C:\Program Files\Android\Android Studio\jre\bin\server\jvm.dll
0x00007fff88de0000 - 0x00007fff88e8e000 	C:\WINDOWS\System32\ADVAPI32.dll
0x00007fff89970000 - 0x00007fff89a14000 	C:\WINDOWS\System32\sechost.dll
0x00007fff89f60000 - 0x00007fff8a075000 	C:\WINDOWS\System32\RPCRT4.dll
0x00007fff88d30000 - 0x00007fff88d38000 	C:\WINDOWS\System32\PSAPI.DLL
0x00007fff71040000 - 0x00007fff71049000 	C:\WINDOWS\SYSTEM32\WSOCK32.dll
0x00007fff89be0000 - 0x00007fff89c51000 	C:\WINDOWS\System32\WS2_32.dll
0x00007fff80980000 - 0x00007fff809b4000 	C:\WINDOWS\SYSTEM32\WINMM.dll
0x00007fff7efa0000 - 0x00007fff7efaa000 	C:\WINDOWS\SYSTEM32\VERSION.dll
0x00007fff87350000 - 0x00007fff87368000 	C:\WINDOWS\SYSTEM32\kernel.appcore.dll
0x00007fff7f5b0000 - 0x00007fff7f5c1000 	C:\Program Files\Android\Android Studio\jre\bin\verify.dll
0x00007fff7f220000 - 0x00007fff7f44e000 	C:\WINDOWS\SYSTEM32\DBGHELP.DLL
0x00007fff8a9c0000 - 0x00007fff8ad49000 	C:\WINDOWS\System32\combase.dll
0x00007fff8ae10000 - 0x00007fff8aee7000 	C:\WINDOWS\System32\OLEAUT32.dll
0x00007fff7f160000 - 0x00007fff7f192000 	C:\WINDOWS\SYSTEM32\dbgcore.DLL
0x00007fff88cb0000 - 0x00007fff88d2b000 	C:\WINDOWS\System32\bcryptPrimitives.dll
0x00007fff66690000 - 0x00007fff666b9000 	C:\Program Files\Android\Android Studio\jre\bin\java.dll
0x00007fff7f5a0000 - 0x00007fff7f5ab000 	C:\Program Files\Android\Android Studio\jre\bin\jimage.dll
0x00007fff5e9c0000 - 0x00007fff5e9d8000 	C:\Program Files\Android\Android Studio\jre\bin\zip.dll

dbghelp: loaded successfully - version: 4.0.5 - missing functions: none
symbol engine: initialized successfully - sym options: 0x614 - pdb path: .;C:\Program Files\Android\Android Studio\jre\bin;C:\WINDOWS\SYSTEM32;C:\WINDOWS\WinSxS\amd64_microsoft.windows.common-controls_6595b64144ccf1df_6.0.22621.608_none_a9444ca7c10bb01d;C:\Program Files\Android\Android Studio\jre\bin\server

VM Arguments:
java_command: git4idea.http.GitAskPassApp Username for 'https://github.com': 
java_class_path (initial): C:/Program Files/Android/Android Studio/plugins/git4idea/lib/git4idea-rt.jar;C:/Program Files/Android/Android Studio/lib/3rd-party.jar;C:/Program Files/Android/Android Studio/lib/3rd-party-rt.jar
Launcher Type: SUN_STANDARD

[Global flags]
     intx CICompilerCount                          = 3                                         {product} {ergonomic}
     uint ConcGCThreads                            = 1                                         {product} {ergonomic}
     uint G1ConcRefinementThreads                  = 4                                         {product} {ergonomic}
   size_t G1HeapRegionSize                         = 1048576                                   {product} {ergonomic}
    uintx GCDrainStackTargetSize                   = 64                                        {product} {ergonomic}
   size_t InitialHeapSize                          = 264241152                                 {product} {ergonomic}
   size_t MarkStackSize                            = 4194304                                   {product} {ergonomic}
   size_t MaxHeapSize                              = 4215275520                                {product} {ergonomic}
   size_t MinHeapDeltaBytes                        = 1048576                                   {product} {ergonomic}
    uintx NonNMethodCodeHeapSize                   = 5830732                                {pd product} {ergonomic}
    uintx NonProfiledCodeHeapSize                  = 122913754                              {pd product} {ergonomic}
    uintx ProfiledCodeHeapSize                     = 122913754                              {pd product} {ergonomic}
    uintx ReservedCodeCacheSize                    = 251658240                              {pd product} {ergonomic}
     bool SegmentedCodeCache                       = true                                      {product} {ergonomic}
     bool UseCompressedClassPointers               = true                                 {lp64_product} {ergonomic}
     bool UseCompressedOops                        = true                                 {lp64_product} {ergonomic}
     bool UseG1GC                                  = true                                      {product} {ergonomic}
     bool UseLargePagesIndividualAllocation        = false                                  {pd product} {ergonomic}

Logging:
Log output configuration:
 #0: stdout all=warning uptime,level,tags
 #1: stderr all=off uptime,level,tags

Environment Variables:
PATH=C:/Program Files/Git/mingw64/libexec/git-core;C:/Program Files/Git/mingw64/libexec/git-core;C:\Program Files\Git\mingw64\bin;C:\Program Files\Git\usr\bin;C:\Users\saura\bin;C:\Program Files\Common Files\Oracle\Java\javapath;C:\Windows\system32;C:\Windows;C:\Windows\System32\Wbem;C:\Windows\System32\WindowsPowerShell\v1.0\;C:\Windows\System32\OpenSSH\;C:\Program Files\Git\cmd;C:\Program Files\nodejs\;C:\Program Files\dotnet\;C:\Program Files\Microsoft SQL Server\Client SDK\ODBC\170\Tools\Binn\;C:\Program Files\Microsoft SQL Server\150\Tools\Binn\;C:\WINDOWS\system32;C:\WINDOWS;C:\WINDOWS\System32\Wbem;C:\WINDOWS\System32\WindowsPowerShell\v1.0\;C:\WINDOWS\System32\OpenSSH\;C:\Program Files (x86)\Pulse Secure\VC142.CRT\X64\;C:\Program Files (x86)\Pulse Secure\VC142.CRT\X86\;C:\Program Files (x86)\Common Files\Pulse Secure\TNC Client Plugin\;C:\Users\saura\anaconda3;C:\Users\saura\anaconda3\Library\mingw-w64\bin;C:\Users\saura\anaconda3\Library\usr\bin;C:\Users\saura\anaconda3\Library\bin;C:\Users\saura\anaconda3\Scripts;C:\Users\saura\AppData\Local\Microsoft\WindowsApps;C:\Users\saura\AppData\Local\Programs\Microsoft VS Code\bin;C:\Users\saura\AppData\Roaming\npm;C:\Users\saura\.dotnet\tools;C:\Program Files\heroku\bin
USERNAME=saura
DISPLAY=:0.0
LC_ALL=en_US.UTF-8
OS=Windows_NT
PROCESSOR_IDENTIFIER=Intel64 Family 6 Model 126 Stepping 5, GenuineIntel



---------------  S Y S T E M  ---------------

OS: Windows 11 , 64 bit Build 22621 (10.0.22621.608)
OS uptime: 0 days 4:45 hours
Hyper-V role detected

CPU:total 4 (initial active 4) (2 cores per cpu, 2 threads per core) family 6 model 126 stepping 5 microcode 0x96, cmov, cx8, fxsr, mmx, sse, sse2, sse3, ssse3, sse4.1, sse4.2, popcnt, avx, avx2, aes, clmul, erms, 3dnowpref, lzcnt, ht, tsc, tscinvbit, bmi1, bmi2, adx, evex, sha, fma

Memory: 4k page, system-wide physical 16072M (1792M free)
TotalPageFile size 45664M (AvailPageFile size 175M)
current process WorkingSet (physical memory assigned to process): 10M, peak: 10M
current process commit charge ("private bytes"): 52M, peak: 304M

vm_info: OpenJDK 64-Bit Server VM (11.0.13+0-b1751.21-8125866) for windows-amd64 JRE (11.0.13+0-b1751.21-8125866), built on Feb  2 2022 03:00:22 by "builder" with MS VC++ 14.0 (VS2015)

END.
